{"/home/ITRANSITION.CORP/v.peskarsky/Tasks/ToDoList/src/App.tsx": {"path":"/home/ITRANSITION.CORP/v.peskarsky/Tasks/ToDoList/src/App.tsx","statementMap":{"0":{"start":{"line":1,"column":0},"end":{"line":1,"column":26}},"1":{"start":{"line":2,"column":0},"end":{"line":2,"column":41}},"2":{"start":{"line":6,"column":29},"end":{"line":6,"column":36}},"3":{"start":{"line":6,"column":35},"end":{"line":6,"column":63}},"4":{"start":{"line":8,"column":0},"end":{"line":8,"column":19}}},"fnMap":{"0":{"name":"(anonymous_1)","decl":{"start":{"line":6,"column":29},"end":{"line":6,"column":35}},"loc":{"start":{"line":6,"column":29},"end":{"line":6,"column":36}}}},"branchMap":{},"s":{"0":1,"1":1,"2":1,"3":4,"4":1},"f":{"0":4},"b":{}}
,"/home/ITRANSITION.CORP/v.peskarsky/Tasks/ToDoList/src/components/Main/Main.tsx": {"path":"/home/ITRANSITION.CORP/v.peskarsky/Tasks/ToDoList/src/components/Main/Main.tsx","statementMap":{"0":{"start":{"line":1,"column":0},"end":{"line":1,"column":51}},"1":{"start":{"line":2,"column":0},"end":{"line":2,"column":43}},"2":{"start":{"line":3,"column":0},"end":{"line":3,"column":41}},"3":{"start":{"line":4,"column":0},"end":{"line":4,"column":39}},"4":{"start":{"line":5,"column":0},"end":{"line":5,"column":86}},"5":{"start":{"line":17,"column":13},"end":{"line":17,"column":38}},"6":{"start":{"line":19,"column":30},"end":{"line":46,"column":1}},"7":{"start":{"line":19,"column":39},"end":{"line":19,"column":41}},"8":{"start":{"line":20,"column":28},"end":{"line":20,"column":78}},"9":{"start":{"line":20,"column":14},"end":{"line":20,"column":16}},"10":{"start":{"line":20,"column":24},"end":{"line":20,"column":28}},"11":{"start":{"line":21,"column":38},"end":{"line":21,"column":75}},"12":{"start":{"line":21,"column":19},"end":{"line":21,"column":21}},"13":{"start":{"line":21,"column":34},"end":{"line":21,"column":38}},"14":{"start":{"line":23,"column":2},"end":{"line":25,"column":14}},"15":{"start":{"line":24,"column":4},"end":{"line":24,"column":34}},"16":{"start":{"line":27,"column":18},"end":{"line":29,"column":3}},"17":{"start":{"line":28,"column":4},"end":{"line":28,"column":50}},"18":{"start":{"line":28,"column":28},"end":{"line":28,"column":48}},"19":{"start":{"line":31,"column":21},"end":{"line":33,"column":3}},"20":{"start":{"line":32,"column":4},"end":{"line":32,"column":72}},"21":{"start":{"line":32,"column":28},"end":{"line":32,"column":71}},"22":{"start":{"line":32,"column":55},"end":{"line":32,"column":70}},"23":{"start":{"line":35,"column":19},"end":{"line":37,"column":3}},"24":{"start":{"line":36,"column":4},"end":{"line":36,"column":24}},"25":{"start":{"line":39,"column":2},"end":{"line":45,"column":4}},"26":{"start":{"line":48,"column":0},"end":{"line":48,"column":20}}},"fnMap":{"0":{"name":"(anonymous_7)","decl":{"start":{"line":19,"column":30},"end":{"line":19,"column":31}},"loc":{"start":{"line":19,"column":41},"end":{"line":46,"column":1}}},"1":{"name":"(anonymous_8)","decl":{"start":{"line":23,"column":12},"end":{"line":23,"column":null}},"loc":{"start":{"line":23,"column":12},"end":{"line":25,"column":3}}},"2":{"name":"(anonymous_9)","decl":{"start":{"line":27,"column":18},"end":{"line":27,"column":19}},"loc":{"start":{"line":27,"column":29},"end":{"line":29,"column":3}}},"3":{"name":"(anonymous_10)","decl":{"start":{"line":28,"column":13},"end":{"line":28,"column":14}},"loc":{"start":{"line":28,"column":23},"end":{"line":28,"column":32}}},"4":{"name":"(anonymous_11)","decl":{"start":{"line":31,"column":21},"end":{"line":31,"column":22}},"loc":{"start":{"line":31,"column":32},"end":{"line":33,"column":3}}},"5":{"name":"(anonymous_12)","decl":{"start":{"line":32,"column":13},"end":{"line":32,"column":14}},"loc":{"start":{"line":32,"column":23},"end":{"line":32,"column":37}}},"6":{"name":"(anonymous_13)","decl":{"start":{"line":32,"column":45},"end":{"line":32,"column":46}},"loc":{"start":{"line":32,"column":50},"end":{"line":32,"column":59}}},"7":{"name":"(anonymous_14)","decl":{"start":{"line":35,"column":19},"end":{"line":35,"column":20}},"loc":{"start":{"line":35,"column":32},"end":{"line":37,"column":3}}}},"branchMap":{"0":{"loc":{"start":{"line":20,"column":45},"end":{"line":20,"column":71}},"type":"binary-expr","locations":[{"start":{"line":20,"column":45},"end":{"line":20,"column":71}},{"start":{"line":20,"column":75},"end":{"line":20,"column":77}}]}},"s":{"0":1,"1":1,"2":1,"3":1,"4":1,"5":1,"6":1,"7":11,"8":11,"9":11,"10":11,"11":11,"12":11,"13":11,"14":11,"15":11,"16":11,"17":5,"18":5,"19":11,"20":2,"21":2,"22":2,"23":11,"24":1,"25":11,"26":1},"f":{"0":11,"1":11,"2":5,"3":5,"4":2,"5":2,"6":2,"7":1},"b":{"0":[11,4]}}
,"/home/ITRANSITION.CORP/v.peskarsky/Tasks/ToDoList/src/components/Main/index.ts": {"path":"/home/ITRANSITION.CORP/v.peskarsky/Tasks/ToDoList/src/components/Main/index.ts","statementMap":{"0":{"start":{"line":1,"column":0},"end":{"line":1,"column":7}},"1":{"start":{"line":3,"column":9},"end":{"line":1,"column":21}},"2":{"start":{"line":3,"column":21},"end":{"line":1,"column":57}}},"fnMap":{"0":{"name":"(anonymous_6)","decl":{"start":{"line":3,"column":21},"end":{"line":3,"column":40}},"loc":{"start":{"line":3,"column":21},"end":{"line":1,"column":57}}}},"branchMap":{},"s":{"0":1,"1":1,"2":6},"f":{"0":5},"b":{}}
,"/home/ITRANSITION.CORP/v.peskarsky/Tasks/ToDoList/src/components/Main/styles.js": {"path":"/home/ITRANSITION.CORP/v.peskarsky/Tasks/ToDoList/src/components/Main/styles.js","statementMap":{"0":{"start":{"line":4,"column":31},"end":{"line":8,"column":2}}},"fnMap":{},"branchMap":{},"s":{"0":1},"f":{},"b":{},"_coverageSchema":"1a1c01bbd47fc00a2c39e90264f33305004495a9","hash":"7143553dff0ba0b7a495591938392f1544497d26"}
,"/home/ITRANSITION.CORP/v.peskarsky/Tasks/ToDoList/src/components/Main/utils.ts": {"path":"/home/ITRANSITION.CORP/v.peskarsky/Tasks/ToDoList/src/components/Main/utils.ts","statementMap":{"0":{"start":{"line":2,"column":32},"end":{"line":2,"column":39}},"1":{"start":{"line":4,"column":25},"end":{"line":5,"column":7}},"2":{"start":{"line":5,"column":2},"end":{"line":5,"column":76}},"3":{"start":{"line":5,"column":29},"end":{"line":5,"column":75}},"4":{"start":{"line":4,"column":13},"end":{"line":4,"column":25}},"5":{"start":{"line":7,"column":38},"end":{"line":9,"column":1}},"6":{"start":{"line":8,"column":2},"end":{"line":8,"column":71}},"7":{"start":{"line":7,"column":13},"end":{"line":7,"column":38}},"8":{"start":{"line":11,"column":40},"end":{"line":17,"column":1}},"9":{"start":{"line":12,"column":2},"end":{"line":16,"column":null}},"10":{"start":{"line":13,"column":4},"end":{"line":13,"column":69}},"11":{"start":{"line":15,"column":4},"end":{"line":15,"column":27}},"12":{"start":{"line":11,"column":13},"end":{"line":11,"column":40}}},"fnMap":{"0":{"name":"(anonymous_0)","decl":{"start":{"line":4,"column":25},"end":{"line":4,"column":26}},"loc":{"start":{"line":4,"column":39},"end":{"line":5,"column":7}}},"1":{"name":"(anonymous_1)","decl":{"start":{"line":5,"column":13},"end":{"line":5,"column":14}},"loc":{"start":{"line":5,"column":24},"end":{"line":5,"column":33}}},"2":{"name":"(anonymous_2)","decl":{"start":{"line":7,"column":38},"end":{"line":7,"column":39}},"loc":{"start":{"line":7,"column":52},"end":{"line":9,"column":1}}},"3":{"name":"(anonymous_3)","decl":{"start":{"line":11,"column":40},"end":{"line":11,"column":null}},"loc":{"start":{"line":11,"column":40},"end":{"line":17,"column":1}}}},"branchMap":{},"s":{"0":1,"1":1,"2":11,"3":0,"4":1,"5":1,"6":11,"7":1,"8":1,"9":11,"10":11,"11":0,"12":1},"f":{"0":11,"1":0,"2":11,"3":11},"b":{}}
,"/home/ITRANSITION.CORP/v.peskarsky/Tasks/ToDoList/src/components/ToDoInput/ToDoInput.tsx": {"path":"/home/ITRANSITION.CORP/v.peskarsky/Tasks/ToDoList/src/components/ToDoInput/ToDoInput.tsx","statementMap":{"0":{"start":{"line":1,"column":0},"end":{"line":1,"column":51}},"1":{"start":{"line":2,"column":0},"end":{"line":2,"column":53}},"2":{"start":{"line":3,"column":0},"end":{"line":3,"column":34}},"3":{"start":{"line":4,"column":0},"end":{"line":4,"column":46}},"4":{"start":{"line":12,"column":35},"end":{"line":38,"column":1}},"5":{"start":{"line":12,"column":48},"end":{"line":12,"column":50}},"6":{"start":{"line":12,"column":57},"end":{"line":12,"column":59}},"7":{"start":{"line":12,"column":69},"end":{"line":12,"column":71}},"8":{"start":{"line":13,"column":26},"end":{"line":13,"column":54}},"9":{"start":{"line":13,"column":13},"end":{"line":13,"column":15}},"10":{"start":{"line":13,"column":22},"end":{"line":13,"column":26}},"11":{"start":{"line":15,"column":2},"end":{"line":17,"column":19}},"12":{"start":{"line":16,"column":4},"end":{"line":16,"column":24}},"13":{"start":{"line":19,"column":23},"end":{"line":21,"column":3}},"14":{"start":{"line":20,"column":4},"end":{"line":20,"column":28}},"15":{"start":{"line":23,"column":22},"end":{"line":28,"column":3}},"16":{"start":{"line":24,"column":17},"end":{"line":24,"column":26}},"17":{"start":{"line":25,"column":15},"end":{"line":25,"column":36}},"18":{"start":{"line":26,"column":4},"end":{"line":26,"column":32}},"19":{"start":{"line":27,"column":4},"end":{"line":27,"column":33}},"20":{"start":{"line":30,"column":2},"end":{"line":37,"column":4}},"21":{"start":{"line":40,"column":0},"end":{"line":40,"column":25}}},"fnMap":{"0":{"name":"(anonymous_6)","decl":{"start":{"line":12,"column":35},"end":{"line":12,"column":36}},"loc":{"start":{"line":12,"column":71},"end":{"line":38,"column":1}}},"1":{"name":"(anonymous_7)","decl":{"start":{"line":15,"column":12},"end":{"line":15,"column":null}},"loc":{"start":{"line":15,"column":12},"end":{"line":17,"column":3}}},"2":{"name":"(anonymous_8)","decl":{"start":{"line":19,"column":23},"end":{"line":19,"column":24}},"loc":{"start":{"line":19,"column":62},"end":{"line":21,"column":3}}},"3":{"name":"(anonymous_9)","decl":{"start":{"line":23,"column":22},"end":{"line":23,"column":null}},"loc":{"start":{"line":23,"column":22},"end":{"line":28,"column":3}}}},"branchMap":{},"s":{"0":1,"1":1,"2":1,"3":1,"4":1,"5":17,"6":17,"7":17,"8":17,"9":17,"10":17,"11":17,"12":5,"13":17,"14":5,"15":17,"16":5,"17":5,"18":5,"19":5,"20":17,"21":1},"f":{"0":17,"1":5,"2":5,"3":5},"b":{}}
,"/home/ITRANSITION.CORP/v.peskarsky/Tasks/ToDoList/src/components/ToDoInput/index.ts": {"path":"/home/ITRANSITION.CORP/v.peskarsky/Tasks/ToDoList/src/components/ToDoInput/index.ts","statementMap":{"0":{"start":{"line":1,"column":0},"end":{"line":1,"column":7}},"1":{"start":{"line":3,"column":9},"end":{"line":1,"column":36}}},"fnMap":{},"branchMap":{},"s":{"0":1,"1":1},"f":{},"b":{}}
,"/home/ITRANSITION.CORP/v.peskarsky/Tasks/ToDoList/src/components/ToDoInput/styles.js": {"path":"/home/ITRANSITION.CORP/v.peskarsky/Tasks/ToDoList/src/components/ToDoInput/styles.js","statementMap":{"0":{"start":{"line":4,"column":27},"end":{"line":11,"column":2}},"1":{"start":{"line":13,"column":28},"end":{"line":17,"column":2}}},"fnMap":{},"branchMap":{},"s":{"0":1,"1":1},"f":{},"b":{},"_coverageSchema":"1a1c01bbd47fc00a2c39e90264f33305004495a9","hash":"41da66ccf16097c47e9b912b78f579c2086066e0"}
,"/home/ITRANSITION.CORP/v.peskarsky/Tasks/ToDoList/src/components/ToDoInput/utils.ts": {"path":"/home/ITRANSITION.CORP/v.peskarsky/Tasks/ToDoList/src/components/ToDoInput/utils.ts","statementMap":{"0":{"start":{"line":1,"column":23},"end":{"line":1,"column":41}},"1":{"start":{"line":1,"column":37},"end":{"line":1,"column":65}},"2":{"start":{"line":1,"column":13},"end":{"line":1,"column":23}}},"fnMap":{"0":{"name":"(anonymous_0)","decl":{"start":{"line":1,"column":23},"end":{"line":1,"column":37}},"loc":{"start":{"line":1,"column":23},"end":{"line":1,"column":41}}}},"branchMap":{},"s":{"0":1,"1":5,"2":1},"f":{"0":5},"b":{}}
,"/home/ITRANSITION.CORP/v.peskarsky/Tasks/ToDoList/src/components/ToDoList/ToDoList.tsx": {"path":"/home/ITRANSITION.CORP/v.peskarsky/Tasks/ToDoList/src/components/ToDoList/ToDoList.tsx","statementMap":{"0":{"start":{"line":1,"column":0},"end":{"line":1,"column":26}},"1":{"start":{"line":2,"column":0},"end":{"line":2,"column":102}},"2":{"start":{"line":3,"column":0},"end":{"line":3,"column":51}},"3":{"start":{"line":4,"column":0},"end":{"line":4,"column":47}},"4":{"start":{"line":13,"column":34},"end":{"line":36,"column":1}},"5":{"start":{"line":13,"column":42},"end":{"line":13,"column":44}},"6":{"start":{"line":13,"column":54},"end":{"line":13,"column":56}},"7":{"start":{"line":13,"column":64},"end":{"line":13,"column":66}},"8":{"start":{"line":14,"column":26},"end":{"line":17,"column":3}},"9":{"start":{"line":15,"column":4},"end":{"line":15,"column":19}},"10":{"start":{"line":16,"column":4},"end":{"line":16,"column":19}},"11":{"start":{"line":19,"column":2},"end":{"line":35,"column":4}},"12":{"start":{"line":21,"column":24},"end":{"line":21,"column":26}},"13":{"start":{"line":21,"column":30},"end":{"line":21,"column":32}},"14":{"start":{"line":21,"column":34},"end":{"line":21,"column":36}},"15":{"start":{"line":21,"column":41},"end":{"line":33,"column":8}},"16":{"start":{"line":25,"column":39},"end":{"line":25,"column":78}},"17":{"start":{"line":28,"column":39},"end":{"line":28,"column":67}},"18":{"start":{"line":38,"column":0},"end":{"line":38,"column":24}}},"fnMap":{"0":{"name":"(anonymous_1)","decl":{"start":{"line":13,"column":34},"end":{"line":13,"column":35}},"loc":{"start":{"line":13,"column":66},"end":{"line":36,"column":1}}},"1":{"name":"(anonymous_2)","decl":{"start":{"line":14,"column":26},"end":{"line":14,"column":27}},"loc":{"start":{"line":14,"column":51},"end":{"line":17,"column":3}}},"2":{"name":"(anonymous_3)","decl":{"start":{"line":21,"column":17},"end":{"line":21,"column":18}},"loc":{"start":{"line":21,"column":36},"end":{"line":21,"column":null}}},"3":{"name":"(anonymous_4)","decl":{"start":{"line":25,"column":33},"end":{"line":25,"column":39}},"loc":{"start":{"line":25,"column":33},"end":{"line":25,"column":54}}},"4":{"name":"(anonymous_5)","decl":{"start":{"line":28,"column":33},"end":{"line":28,"column":39}},"loc":{"start":{"line":28,"column":33},"end":{"line":28,"column":49}}}},"branchMap":{},"s":{"0":1,"1":1,"2":1,"3":1,"4":1,"5":11,"6":11,"7":11,"8":11,"9":1,"10":1,"11":11,"12":5,"13":5,"14":5,"15":5,"16":1,"17":1,"18":1},"f":{"0":11,"1":1,"2":5,"3":1,"4":1},"b":{}}
,"/home/ITRANSITION.CORP/v.peskarsky/Tasks/ToDoList/src/components/ToDoList/index.ts": {"path":"/home/ITRANSITION.CORP/v.peskarsky/Tasks/ToDoList/src/components/ToDoList/index.ts","statementMap":{"0":{"start":{"line":1,"column":0},"end":{"line":1,"column":7}},"1":{"start":{"line":3,"column":9},"end":{"line":1,"column":34}}},"fnMap":{},"branchMap":{},"s":{"0":1,"1":1},"f":{},"b":{}}
}
