TN:
SF:src/App.tsx
FN:6,(anonymous_1)
FNF:1
FNH:1
FNDA:4,(anonymous_1)
DA:1,1
DA:2,1
DA:6,4
DA:8,1
LF:4
LH:4
BRF:0
BRH:0
end_of_record
TN:
SF:src/components/Main/Main.tsx
FN:19,(anonymous_7)
FN:23,(anonymous_8)
FN:27,(anonymous_9)
FN:28,(anonymous_10)
FN:31,(anonymous_11)
FN:32,(anonymous_12)
FN:32,(anonymous_13)
FN:35,(anonymous_14)
FNF:8
FNH:8
FNDA:11,(anonymous_7)
FNDA:11,(anonymous_8)
FNDA:5,(anonymous_9)
FNDA:5,(anonymous_10)
FNDA:2,(anonymous_11)
FNDA:2,(anonymous_12)
FNDA:2,(anonymous_13)
FNDA:1,(anonymous_14)
DA:1,1
DA:2,1
DA:3,1
DA:4,1
DA:5,1
DA:17,1
DA:19,11
DA:20,11
DA:21,11
DA:23,11
DA:24,11
DA:27,11
DA:28,5
DA:31,11
DA:32,2
DA:35,11
DA:36,1
DA:39,11
DA:48,1
LF:19
LH:19
BRDA:20,0,0,11
BRDA:20,0,1,4
BRF:2
BRH:2
end_of_record
TN:
SF:src/components/Main/index.ts
FN:3,(anonymous_6)
FNF:1
FNH:1
FNDA:5,(anonymous_6)
DA:1,1
DA:3,6
LF:2
LH:2
BRF:0
BRH:0
end_of_record
TN:
SF:src/components/Main/styles.js
FNF:0
FNH:0
DA:4,1
LF:1
LH:1
BRF:0
BRH:0
end_of_record
TN:
SF:src/components/Main/utils.ts
FN:4,(anonymous_0)
FN:5,(anonymous_1)
FN:7,(anonymous_2)
FN:11,(anonymous_3)
FNF:4
FNH:3
FNDA:11,(anonymous_0)
FNDA:0,(anonymous_1)
FNDA:11,(anonymous_2)
FNDA:11,(anonymous_3)
DA:2,1
DA:4,1
DA:5,11
DA:7,1
DA:8,11
DA:11,1
DA:12,11
DA:13,11
DA:15,0
LF:9
LH:8
BRF:0
BRH:0
end_of_record
TN:
SF:src/components/ToDoInput/ToDoInput.tsx
FN:12,(anonymous_6)
FN:15,(anonymous_7)
FN:19,(anonymous_8)
FN:23,(anonymous_9)
FNF:4
FNH:4
FNDA:17,(anonymous_6)
FNDA:5,(anonymous_7)
FNDA:5,(anonymous_8)
FNDA:5,(anonymous_9)
DA:1,1
DA:2,1
DA:3,1
DA:4,1
DA:12,17
DA:13,17
DA:15,17
DA:16,5
DA:19,17
DA:20,5
DA:23,17
DA:24,5
DA:25,5
DA:26,5
DA:27,5
DA:30,17
DA:40,1
LF:17
LH:17
BRF:0
BRH:0
end_of_record
TN:
SF:src/components/ToDoInput/index.ts
FNF:0
FNH:0
DA:1,1
DA:3,1
LF:2
LH:2
BRF:0
BRH:0
end_of_record
TN:
SF:src/components/ToDoInput/styles.js
FNF:0
FNH:0
DA:4,1
DA:13,1
LF:2
LH:2
BRF:0
BRH:0
end_of_record
TN:
SF:src/components/ToDoInput/utils.ts
FN:1,(anonymous_0)
FNF:1
FNH:1
FNDA:5,(anonymous_0)
DA:1,5
LF:1
LH:1
BRF:0
BRH:0
end_of_record
TN:
SF:src/components/ToDoList/ToDoList.tsx
FN:13,(anonymous_1)
FN:14,(anonymous_2)
FN:21,(anonymous_3)
FN:25,(anonymous_4)
FN:28,(anonymous_5)
FNF:5
FNH:5
FNDA:11,(anonymous_1)
FNDA:1,(anonymous_2)
FNDA:5,(anonymous_3)
FNDA:1,(anonymous_4)
FNDA:1,(anonymous_5)
DA:1,1
DA:2,1
DA:3,1
DA:4,1
DA:13,11
DA:14,11
DA:15,1
DA:16,1
DA:19,11
DA:21,5
DA:25,1
DA:28,1
DA:38,1
LF:13
LH:13
BRF:0
BRH:0
end_of_record
TN:
SF:src/components/ToDoList/index.ts
FNF:0
FNH:0
DA:1,1
DA:3,1
LF:2
LH:2
BRF:0
BRH:0
end_of_record
